{"C:\\Users\\Adnene\\Desktop\\TesteurLogiciel_appli_location_immobiliere_React-main\\OpenClassroom-Projet8\\src\\components\\Carrousel\\Carrousel.jsx": {"path":"C:\\Users\\Adnene\\Desktop\\TesteurLogiciel_appli_location_immobiliere_React-main\\OpenClassroom-Projet8\\src\\components\\Carrousel\\Carrousel.jsx","statementMap":{"0":{"start":{"line":6,"column":17},"end":{"line":43,"column":1}},"1":{"start":{"line":7,"column":42},"end":{"line":7,"column":53}},"2":{"start":{"line":9,"column":24},"end":{"line":13,"column":3}},"3":{"start":{"line":10,"column":4},"end":{"line":12,"column":6}},"4":{"start":{"line":11,"column":21},"end":{"line":11,"column":72}},"5":{"start":{"line":15,"column":28},"end":{"line":17,"column":3}},"6":{"start":{"line":16,"column":4},"end":{"line":16,"column":70}},"7":{"start":{"line":16,"column":35},"end":{"line":16,"column":68}},"8":{"start":{"line":19,"column":2},"end":{"line":42,"column":4}}},"fnMap":{"0":{"name":"(anonymous_0)","decl":{"start":{"line":6,"column":17},"end":{"line":6,"column":18}},"loc":{"start":{"line":6,"column":35},"end":{"line":43,"column":1}},"line":6},"1":{"name":"(anonymous_1)","decl":{"start":{"line":9,"column":24},"end":{"line":9,"column":25}},"loc":{"start":{"line":9,"column":30},"end":{"line":13,"column":3}},"line":9},"2":{"name":"(anonymous_2)","decl":{"start":{"line":11,"column":6},"end":{"line":11,"column":7}},"loc":{"start":{"line":11,"column":21},"end":{"line":11,"column":72}},"line":11},"3":{"name":"(anonymous_3)","decl":{"start":{"line":15,"column":28},"end":{"line":15,"column":29}},"loc":{"start":{"line":15,"column":34},"end":{"line":17,"column":3}},"line":15},"4":{"name":"(anonymous_4)","decl":{"start":{"line":16,"column":20},"end":{"line":16,"column":21}},"loc":{"start":{"line":16,"column":35},"end":{"line":16,"column":68}},"line":16}},"branchMap":{"0":{"loc":{"start":{"line":22,"column":7},"end":{"line":40,"column":7}},"type":"binary-expr","locations":[{"start":{"line":22,"column":7},"end":{"line":22,"column":26}},{"start":{"line":23,"column":8},"end":{"line":39,"column":11}}],"line":22}},"s":{"0":0,"1":0,"2":0,"3":0,"4":0,"5":0,"6":0,"7":0,"8":0},"f":{"0":0,"1":0,"2":0,"3":0,"4":0},"b":{"0":[0,0]}}
,"C:\\Users\\Adnene\\Desktop\\TesteurLogiciel_appli_location_immobiliere_React-main\\OpenClassroom-Projet8\\src\\components\\Rating\\Rating.jsx": {"path":"C:\\Users\\Adnene\\Desktop\\TesteurLogiciel_appli_location_immobiliere_React-main\\OpenClassroom-Projet8\\src\\components\\Rating\\Rating.jsx","statementMap":{"0":{"start":{"line":8,"column":13},"end":{"line":14,"column":1}},"1":{"start":{"line":9,"column":2},"end":{"line":13,"column":4}},"2":{"start":{"line":17,"column":15},"end":{"line":35,"column":1}},"3":{"start":{"line":18,"column":22},"end":{"line":18,"column":39}},"4":{"start":{"line":19,"column":22},"end":{"line":19,"column":48}},"5":{"start":{"line":21,"column":2},"end":{"line":34,"column":4}},"6":{"start":{"line":24,"column":8},"end":{"line":24,"column":42}},"7":{"start":{"line":28,"column":8},"end":{"line":31,"column":10}}},"fnMap":{"0":{"name":"(anonymous_0)","decl":{"start":{"line":8,"column":13},"end":{"line":8,"column":14}},"loc":{"start":{"line":8,"column":29},"end":{"line":14,"column":1}},"line":8},"1":{"name":"(anonymous_1)","decl":{"start":{"line":17,"column":15},"end":{"line":17,"column":16}},"loc":{"start":{"line":17,"column":30},"end":{"line":35,"column":1}},"line":17},"2":{"name":"(anonymous_2)","decl":{"start":{"line":23,"column":35},"end":{"line":23,"column":36}},"loc":{"start":{"line":24,"column":8},"end":{"line":24,"column":42}},"line":24},"3":{"name":"(anonymous_3)","decl":{"start":{"line":27,"column":63},"end":{"line":27,"column":64}},"loc":{"start":{"line":28,"column":8},"end":{"line":31,"column":10}},"line":28}},"branchMap":{"0":{"loc":{"start":{"line":10,"column":21},"end":{"line":10,"column":52}},"type":"cond-expr","locations":[{"start":{"line":10,"column":30},"end":{"line":10,"column":43}},{"start":{"line":10,"column":46},"end":{"line":10,"column":52}}],"line":10},"1":{"loc":{"start":{"line":11,"column":29},"end":{"line":11,"column":53}},"type":"cond-expr","locations":[{"start":{"line":11,"column":38},"end":{"line":11,"column":44}},{"start":{"line":11,"column":47},"end":{"line":11,"column":53}}],"line":11},"2":{"loc":{"start":{"line":26,"column":7},"end":{"line":26,"column":45}},"type":"binary-expr","locations":[{"start":{"line":26,"column":7},"end":{"line":26,"column":18}},{"start":{"line":26,"column":22},"end":{"line":26,"column":45}}],"line":26},"3":{"loc":{"start":{"line":27,"column":36},"end":{"line":27,"column":55}},"type":"cond-expr","locations":[{"start":{"line":27,"column":50},"end":{"line":27,"column":51}},{"start":{"line":27,"column":54},"end":{"line":27,"column":55}}],"line":27},"4":{"loc":{"start":{"line":29,"column":38},"end":{"line":29,"column":57}},"type":"cond-expr","locations":[{"start":{"line":29,"column":52},"end":{"line":29,"column":53}},{"start":{"line":29,"column":56},"end":{"line":29,"column":57}}],"line":29}},"s":{"0":0,"1":0,"2":0,"3":0,"4":0,"5":0,"6":0,"7":0},"f":{"0":0,"1":0,"2":0,"3":0},"b":{"0":[0,0],"1":[0,0],"2":[0,0],"3":[0,0],"4":[0,0]}}
,"C:\\Users\\Adnene\\Desktop\\TesteurLogiciel_appli_location_immobiliere_React-main\\OpenClassroom-Projet8\\src\\pages\\Accueil\\Accueil.jsx": {"path":"C:\\Users\\Adnene\\Desktop\\TesteurLogiciel_appli_location_immobiliere_React-main\\OpenClassroom-Projet8\\src\\pages\\Accueil\\Accueil.jsx","statementMap":{"0":{"start":{"line":6,"column":2},"end":{"line":17,"column":4}}},"fnMap":{"0":{"name":"Accueil","decl":{"start":{"line":5,"column":9},"end":{"line":5,"column":16}},"loc":{"start":{"line":5,"column":19},"end":{"line":18,"column":1}},"line":5}},"branchMap":{},"s":{"0":0},"f":{"0":0},"b":{}}
,"C:\\Users\\Adnene\\Desktop\\TesteurLogiciel_appli_location_immobiliere_React-main\\OpenClassroom-Projet8\\src\\pages\\Logement\\Logement.jsx": {"path":"C:\\Users\\Adnene\\Desktop\\TesteurLogiciel_appli_location_immobiliere_React-main\\OpenClassroom-Projet8\\src\\pages\\Logement\\Logement.jsx","statementMap":{"0":{"start":{"line":9,"column":21},"end":{"line":83,"column":1}},"1":{"start":{"line":10,"column":34},"end":{"line":10,"column":48}},"2":{"start":{"line":11,"column":17},"end":{"line":11,"column":28}},"3":{"start":{"line":12,"column":19},"end":{"line":12,"column":32}},"4":{"start":{"line":13,"column":2},"end":{"line":27,"column":21}},"5":{"start":{"line":15,"column":22},"end":{"line":25,"column":5}},"6":{"start":{"line":17,"column":23},"end":{"line":19,"column":7}},"7":{"start":{"line":20,"column":6},"end":{"line":22,"column":7}},"8":{"start":{"line":21,"column":8},"end":{"line":21,"column":22}},"9":{"start":{"line":23,"column":27},"end":{"line":23,"column":48}},"10":{"start":{"line":24,"column":6},"end":{"line":24,"column":32}},"11":{"start":{"line":26,"column":4},"end":{"line":26,"column":16}},"12":{"start":{"line":29,"column":2},"end":{"line":31,"column":3}},"13":{"start":{"line":30,"column":4},"end":{"line":30,"column":45}},"14":{"start":{"line":32,"column":2},"end":{"line":82,"column":4}},"15":{"start":{"line":50,"column":14},"end":{"line":53,"column":20}},"16":{"start":{"line":76,"column":14},"end":{"line":76,"column":44}}},"fnMap":{"0":{"name":"(anonymous_0)","decl":{"start":{"line":9,"column":21},"end":{"line":9,"column":22}},"loc":{"start":{"line":9,"column":27},"end":{"line":83,"column":1}},"line":9},"1":{"name":"(anonymous_1)","decl":{"start":{"line":13,"column":12},"end":{"line":13,"column":13}},"loc":{"start":{"line":13,"column":18},"end":{"line":27,"column":3}},"line":13},"2":{"name":"(anonymous_2)","decl":{"start":{"line":15,"column":22},"end":{"line":15,"column":23}},"loc":{"start":{"line":15,"column":34},"end":{"line":25,"column":5}},"line":15},"3":{"name":"(anonymous_3)","decl":{"start":{"line":49,"column":31},"end":{"line":49,"column":32}},"loc":{"start":{"line":50,"column":14},"end":{"line":53,"column":20}},"line":50},"4":{"name":"(anonymous_4)","decl":{"start":{"line":75,"column":46},"end":{"line":75,"column":47}},"loc":{"start":{"line":76,"column":14},"end":{"line":76,"column":44}},"line":76}},"branchMap":{"0":{"loc":{"start":{"line":20,"column":6},"end":{"line":22,"column":7}},"type":"if","locations":[{"start":{"line":20,"column":6},"end":{"line":22,"column":7}},{"start":{},"end":{}}],"line":20},"1":{"loc":{"start":{"line":29,"column":2},"end":{"line":31,"column":3}},"type":"if","locations":[{"start":{"line":29,"column":2},"end":{"line":31,"column":3}},{"start":{},"end":{}}],"line":29}},"s":{"0":0,"1":0,"2":0,"3":0,"4":0,"5":0,"6":0,"7":0,"8":0,"9":0,"10":0,"11":0,"12":0,"13":0,"14":0,"15":0,"16":0},"f":{"0":0,"1":0,"2":0,"3":0,"4":0},"b":{"0":[0,0],"1":[0,0]}}
}
